Started GET "/" for 127.0.0.1 at 2020-03-30 12:04:54 +0200
  
ActiveRecord::NoDatabaseError (FATAL:  database "rails-garden-manager_development" does not exist
):
  
activerecord (5.2.3) lib/active_record/connection_adapters/postgresql_adapter.rb:696:in `rescue in connect'
activerecord (5.2.3) lib/active_record/connection_adapters/postgresql_adapter.rb:691:in `connect'
activerecord (5.2.3) lib/active_record/connection_adapters/postgresql_adapter.rb:223:in `initialize'
activerecord (5.2.3) lib/active_record/connection_adapters/postgresql_adapter.rb:48:in `new'
activerecord (5.2.3) lib/active_record/connection_adapters/postgresql_adapter.rb:48:in `postgresql_connection'
activerecord (5.2.3) lib/active_record/connection_adapters/abstract/connection_pool.rb:811:in `new_connection'
activerecord (5.2.3) lib/active_record/connection_adapters/abstract/connection_pool.rb:855:in `checkout_new_connection'
activerecord (5.2.3) lib/active_record/connection_adapters/abstract/connection_pool.rb:834:in `try_to_checkout_new_connection'
activerecord (5.2.3) lib/active_record/connection_adapters/abstract/connection_pool.rb:795:in `acquire_connection'
activerecord (5.2.3) lib/active_record/connection_adapters/abstract/connection_pool.rb:523:in `checkout'
activerecord (5.2.3) lib/active_record/connection_adapters/abstract/connection_pool.rb:382:in `connection'
activerecord (5.2.3) lib/active_record/connection_adapters/abstract/connection_pool.rb:1014:in `retrieve_connection'
activerecord (5.2.3) lib/active_record/connection_handling.rb:118:in `retrieve_connection'
activerecord (5.2.3) lib/active_record/connection_handling.rb:90:in `connection'
activerecord (5.2.3) lib/active_record/migration.rb:554:in `call'
actionpack (5.2.3) lib/action_dispatch/middleware/callbacks.rb:28:in `block in call'
activesupport (5.2.3) lib/active_support/callbacks.rb:98:in `run_callbacks'
actionpack (5.2.3) lib/action_dispatch/middleware/callbacks.rb:26:in `call'
actionpack (5.2.3) lib/action_dispatch/middleware/executor.rb:14:in `call'
actionpack (5.2.3) lib/action_dispatch/middleware/debug_exceptions.rb:61:in `call'
web-console (3.7.0) lib/web_console/middleware.rb:135:in `call_app'
web-console (3.7.0) lib/web_console/middleware.rb:30:in `block in call'
web-console (3.7.0) lib/web_console/middleware.rb:20:in `catch'
web-console (3.7.0) lib/web_console/middleware.rb:20:in `call'
actionpack (5.2.3) lib/action_dispatch/middleware/show_exceptions.rb:33:in `call'
railties (5.2.3) lib/rails/rack/logger.rb:38:in `call_app'
railties (5.2.3) lib/rails/rack/logger.rb:26:in `block in call'
activesupport (5.2.3) lib/active_support/tagged_logging.rb:71:in `block in tagged'
activesupport (5.2.3) lib/active_support/tagged_logging.rb:28:in `tagged'
activesupport (5.2.3) lib/active_support/tagged_logging.rb:71:in `tagged'
railties (5.2.3) lib/rails/rack/logger.rb:26:in `call'
sprockets-rails (3.2.1) lib/sprockets/rails/quiet_assets.rb:13:in `call'
actionpack (5.2.3) lib/action_dispatch/middleware/remote_ip.rb:81:in `call'
actionpack (5.2.3) lib/action_dispatch/middleware/request_id.rb:27:in `call'
rack (2.2.2) lib/rack/method_override.rb:24:in `call'
rack (2.2.2) lib/rack/runtime.rb:22:in `call'
activesupport (5.2.3) lib/active_support/cache/strategy/local_cache_middleware.rb:29:in `call'
actionpack (5.2.3) lib/action_dispatch/middleware/executor.rb:14:in `call'
actionpack (5.2.3) lib/action_dispatch/middleware/static.rb:127:in `call'
rack (2.2.2) lib/rack/sendfile.rb:110:in `call'
webpacker (4.2.2) lib/webpacker/dev_server_proxy.rb:23:in `perform_request'
rack-proxy (0.6.5) lib/rack/proxy.rb:57:in `call'
railties (5.2.3) lib/rails/engine.rb:524:in `call'
puma (4.3.3) lib/puma/configuration.rb:228:in `call'
puma (4.3.3) lib/puma/server.rb:682:in `handle_request'
puma (4.3.3) lib/puma/server.rb:472:in `process_client'
puma (4.3.3) lib/puma/server.rb:328:in `block in run'
puma (4.3.3) lib/puma/thread_pool.rb:134:in `block in spawn_thread'
  [1m[35m (514.2ms)[0m  [1m[35mCREATE DATABASE "rails-garden-manager_development" ENCODING = 'unicode'[0m
  ↳ bin/rails:9
  [1m[35m (376.5ms)[0m  [1m[35mCREATE DATABASE "rails-garden-manager_test" ENCODING = 'unicode'[0m
  ↳ bin/rails:9
  [1m[35m (11.5ms)[0m  [1m[35mCREATE TABLE "schema_migrations" ("version" character varying NOT NULL PRIMARY KEY)[0m
  ↳ bin/rails:9
  [1m[35m (8.3ms)[0m  [1m[35mCREATE TABLE "ar_internal_metadata" ("key" character varying NOT NULL PRIMARY KEY, "value" character varying, "created_at" timestamp NOT NULL, "updated_at" timestamp NOT NULL)[0m
  ↳ bin/rails:9
  [1m[35m (0.7ms)[0m  [1m[34mSELECT pg_try_advisory_lock(5952389427026727090)[0m
  ↳ bin/rails:9
  [1m[35m (0.6ms)[0m  [1m[34mSELECT "schema_migrations"."version" FROM "schema_migrations" ORDER BY "schema_migrations"."version" ASC[0m
  ↳ bin/rails:9
Migrating to CreateGardens (20191125112553)
  [1m[35m (0.3ms)[0m  [1m[35mBEGIN[0m
  ↳ bin/rails:9
  [1m[35m (7.2ms)[0m  [1m[35mCREATE TABLE "gardens" ("id" bigserial primary key, "name" character varying, "banner_url" character varying, "created_at" timestamp NOT NULL, "updated_at" timestamp NOT NULL)[0m
  ↳ db/migrate/20191125112553_create_gardens.rb:3
  [1m[36mActiveRecord::SchemaMigration Create (0.6ms)[0m  [1m[32mINSERT INTO "schema_migrations" ("version") VALUES ($1) RETURNING "version"[0m  [["version", "20191125112553"]]
  ↳ bin/rails:9
  [1m[35m (1.6ms)[0m  [1m[35mCOMMIT[0m
  ↳ bin/rails:9
Migrating to CreatePlants (20191125113109)
  [1m[35m (0.2ms)[0m  [1m[35mBEGIN[0m
  ↳ bin/rails:9
  [1m[35m (13.7ms)[0m  [1m[35mCREATE TABLE "plants" ("id" bigserial primary key, "garden_id" bigint, "name" character varying, "image_url" character varying, "created_at" timestamp NOT NULL, "updated_at" timestamp NOT NULL, CONSTRAINT "fk_rails_2c5194e718"
FOREIGN KEY ("garden_id")
  REFERENCES "gardens" ("id")
)[0m
  ↳ db/migrate/20191125113109_create_plants.rb:3
  [1m[35m (4.1ms)[0m  [1m[35mCREATE  INDEX  "index_plants_on_garden_id" ON "plants"  ("garden_id")[0m
  ↳ db/migrate/20191125113109_create_plants.rb:3
  [1m[36mActiveRecord::SchemaMigration Create (0.4ms)[0m  [1m[32mINSERT INTO "schema_migrations" ("version") VALUES ($1) RETURNING "version"[0m  [["version", "20191125113109"]]
  ↳ bin/rails:9
  [1m[35m (1.1ms)[0m  [1m[35mCOMMIT[0m
  ↳ bin/rails:9
  [1m[36mActiveRecord::InternalMetadata Load (0.3ms)[0m  [1m[34mSELECT  "ar_internal_metadata".* FROM "ar_internal_metadata" WHERE "ar_internal_metadata"."key" = $1 LIMIT $2[0m  [["key", "environment"], ["LIMIT", 1]]
  ↳ bin/rails:9
  [1m[35m (3.3ms)[0m  [1m[35mBEGIN[0m
  ↳ bin/rails:9
  [1m[36mActiveRecord::InternalMetadata Create (0.5ms)[0m  [1m[32mINSERT INTO "ar_internal_metadata" ("key", "value", "created_at", "updated_at") VALUES ($1, $2, $3, $4) RETURNING "key"[0m  [["key", "environment"], ["value", "development"], ["created_at", "2020-03-30 12:29:39.669225"], ["updated_at", "2020-03-30 12:29:39.669225"]]
  ↳ bin/rails:9
  [1m[35m (1.1ms)[0m  [1m[35mCOMMIT[0m
  ↳ bin/rails:9
  [1m[35m (1.8ms)[0m  [1m[34mSELECT pg_advisory_unlock(5952389427026727090)[0m
  ↳ bin/rails:9
  [1m[35m (0.4ms)[0m  [1m[34mSELECT "schema_migrations"."version" FROM "schema_migrations" ORDER BY "schema_migrations"."version" ASC[0m
  ↳ bin/rails:9
  [1m[35m (1.4ms)[0m  [1m[35mCREATE DATABASE "rails-garden-manager_development" ENCODING = 'unicode'[0m
  ↳ bin/rails:9
  [1m[35m (1.7ms)[0m  [1m[35mCREATE DATABASE "rails-garden-manager_test" ENCODING = 'unicode'[0m
  ↳ bin/rails:9
  [1m[35m (0.3ms)[0m  [1m[34mSELECT pg_try_advisory_lock(5952389427026727090)[0m
  ↳ bin/rails:9
  [1m[35m (2.2ms)[0m  [1m[34mSELECT "schema_migrations"."version" FROM "schema_migrations" ORDER BY "schema_migrations"."version" ASC[0m
  ↳ bin/rails:9
  [1m[36mActiveRecord::InternalMetadata Load (0.9ms)[0m  [1m[34mSELECT  "ar_internal_metadata".* FROM "ar_internal_metadata" WHERE "ar_internal_metadata"."key" = $1 LIMIT $2[0m  [["key", "environment"], ["LIMIT", 1]]
  ↳ bin/rails:9
  [1m[35m (0.3ms)[0m  [1m[35mBEGIN[0m
  ↳ bin/rails:9
  [1m[35m (0.3ms)[0m  [1m[35mCOMMIT[0m
  ↳ bin/rails:9
  [1m[35m (0.4ms)[0m  [1m[34mSELECT pg_advisory_unlock(5952389427026727090)[0m
  ↳ bin/rails:9
  [1m[35m (0.6ms)[0m  [1m[34mSELECT "schema_migrations"."version" FROM "schema_migrations" ORDER BY "schema_migrations"."version" ASC[0m
  ↳ bin/rails:9
Started GET "/" for 127.0.0.1 at 2020-03-30 14:34:28 +0200
  [1m[35m (0.5ms)[0m  [1m[34mSELECT "schema_migrations"."version" FROM "schema_migrations" ORDER BY "schema_migrations"."version" ASC[0m
  ↳ /home/bertrand/.rbenv/versions/2.6.5/lib/ruby/gems/2.6.0/gems/activerecord-5.2.3/lib/active_record/log_subscriber.rb:98
Processing by GardensController#index as HTML
  Rendering gardens/index.html.erb within layouts/application
  [1m[36mGarden Load (7.6ms)[0m  [1m[34mSELECT "gardens".* FROM "gardens"[0m
  ↳ app/views/gardens/index.html.erb:42
  Rendered gardens/index.html.erb within layouts/application (3267.0ms)
  Rendered shared/_navbar.html.erb (1.5ms)
  Rendered shared/_footer.html.erb (0.5ms)
[Webpacker] Compiling...
[Webpacker] Compiled all packs in /home/bertrand/code/Bertrand-Bichat/rails-garden-manager/public/packs
[Webpacker] Hash: e3128af20ae85497fdaa
Version: webpack 4.41.2
Time: 2436ms
Built at: 03/30/2020 2:34:36 PM
                                     Asset       Size       Chunks                         Chunk Names
    js/application-1a62a4814a25238fb785.js    495 KiB  application  [emitted] [immutable]  application
js/application-1a62a4814a25238fb785.js.map    622 KiB  application  [emitted] [dev]        application
                             manifest.json  364 bytes               [emitted]              
Entrypoint application = js/application-1a62a4814a25238fb785.js js/application-1a62a4814a25238fb785.js.map
[./app/javascript/packs/application.js] 19 bytes {application} [built]
[./node_modules/webpack/buildin/global.js] (webpack)/buildin/global.js 472 bytes {application} [built]
    + 3 hidden modules

Completed 200 OK in 8700ms (Views: 8657.1ms | ActiveRecord: 9.0ms)


Started GET "/gardens/new" for 127.0.0.1 at 2020-03-30 14:34:44 +0200
Processing by GardensController#new as HTML
  Rendering gardens/new.html.erb within layouts/application
  Rendered gardens/new.html.erb within layouts/application (2481.7ms)
  Rendered shared/_navbar.html.erb (2.0ms)
  Rendered shared/_footer.html.erb (0.5ms)
[Webpacker] Everything's up-to-date. Nothing to do
Completed 200 OK in 2620ms (Views: 2600.1ms | ActiveRecord: 5.3ms)


Started GET "/gardens/new" for 127.0.0.1 at 2020-03-30 14:34:50 +0200
Processing by GardensController#new as HTML
  Rendering gardens/new.html.erb within layouts/application
  Rendered gardens/new.html.erb within layouts/application (30.4ms)
  Rendered shared/_navbar.html.erb (5.9ms)
  Rendered shared/_footer.html.erb (0.5ms)
[Webpacker] Everything's up-to-date. Nothing to do
Completed 200 OK in 90ms (Views: 89.1ms | ActiveRecord: 0.0ms)


Started GET "/gardens/new" for 127.0.0.1 at 2020-03-30 14:34:54 +0200
Processing by GardensController#new as HTML
  Rendering gardens/new.html.erb within layouts/application
  Rendered gardens/new.html.erb within layouts/application (15.6ms)
  Rendered shared/_navbar.html.erb (1.3ms)
  Rendered shared/_footer.html.erb (0.3ms)
[Webpacker] Everything's up-to-date. Nothing to do
Completed 200 OK in 68ms (Views: 66.7ms | ActiveRecord: 0.0ms)


Started GET "/gardens/new" for 127.0.0.1 at 2020-03-30 14:34:58 +0200
Processing by GardensController#new as HTML
  Rendering gardens/new.html.erb within layouts/application
  Rendered gardens/new.html.erb within layouts/application (10.4ms)
  Rendered shared/_navbar.html.erb (4.4ms)
  Rendered shared/_footer.html.erb (0.3ms)
[Webpacker] Everything's up-to-date. Nothing to do
Completed 200 OK in 50ms (Views: 49.4ms | ActiveRecord: 0.0ms)


Started GET "/" for 127.0.0.1 at 2020-03-30 14:35:05 +0200
Processing by GardensController#index as HTML
  Rendering gardens/index.html.erb within layouts/application
  [1m[36mGarden Load (0.7ms)[0m  [1m[34mSELECT "gardens".* FROM "gardens"[0m
  ↳ app/views/gardens/index.html.erb:42
  Rendered gardens/index.html.erb within layouts/application (15.9ms)
  Rendered shared/_navbar.html.erb (1.5ms)
  Rendered shared/_footer.html.erb (2.2ms)
[Webpacker] Everything's up-to-date. Nothing to do
Completed 200 OK in 98ms (Views: 91.9ms | ActiveRecord: 0.7ms)


